[0.023s] Invoking command in '/home/user/ros2_ws/src/build/executors_exercises_pkg': CMAKE_PREFIX_PATH=${CMAKE_PREFIX_PATH}:/opt/ros/humble _=/usr/bin/env /usr/bin/cmake --build /home/user/ros2_ws/src/build/executors_exercises_pkg -- -j8 -l8
[0.126s] [ 10%] Built target executor_example_1_node
[0.136s] [ 20%] Built target executor_example_2_node
[0.139s] [ 30%] Built target executor_example_3_node
[0.146s] [ 40%] Built target executor_example_4_node
[0.166s] [35m[1mConsolidate compiler generated dependencies of target bot_node[0m
[0.185s] [ 50%] Built target executor_example_5_mutualyexclusive_node
[0.195s] [ 60%] Built target executor_example_5_mutualyexclusive_multiple_node
[0.209s] [ 70%] Built target executor_example_5_reentrant_node
[0.210s] [ 75%] [32mBuilding CXX object CMakeFiles/bot_node.dir/src/box_bot_manager.cpp.o[0m
[0.219s] [ 85%] Built target executor_example_5_node
[0.238s] [ 95%] Built target executor_example_4_singlethreaded_node
[3.559s] [01m[K/home/user/ros2_ws/src/executors_exercises_pkg/src/box_bot_manager.cpp:[m[K In constructor '[01m[KBotNode::BotNode(float)[m[K':
[3.559s] [01m[K/home/user/ros2_ws/src/executors_exercises_pkg/src/box_bot_manager.cpp:12:9:[m[K [01;31m[Kerror: [m[K'[01m[Kodom1_callback_group_[m[K' was not declared in this scope; did you mean '[01m[Kcreate_callback_group[m[K'?
[3.559s]    12 |         [01;31m[Kodom1_callback_group_[m[K = this->create_callback_group(
[3.559s]       |         [01;31m[K^~~~~~~~~~~~~~~~~~~~~[m[K
[3.559s]       |         [32m[Kcreate_callback_group[m[K
[3.572s] [01m[K/home/user/ros2_ws/src/executors_exercises_pkg/src/box_bot_manager.cpp:19:9:[m[K [01;31m[Kerror: [m[K'[01m[Ksubscription1_[m[K' was not declared in this scope; did you mean '[01m[Krmw_subscriptions_t[m[K'?
[3.572s]    19 |         [01;31m[Ksubscription1_[m[K = this->create_subscription<nav_msgs::msg::Odometry>(
[3.572s]       |         [01;31m[K^~~~~~~~~~~~~~[m[K
[3.572s]       |         [32m[Krmw_subscriptions_t[m[K
[3.641s] [01m[K/home/user/ros2_ws/src/executors_exercises_pkg/src/box_bot_manager.cpp:24:9:[m[K [01;31m[Kerror: [m[K'[01m[Ktimer1[m[K' was not declared in this scope; did you mean '[01m[Ktimer[m[K'?
[3.641s]    24 |         [01;31m[Ktimer1[m[K = this->create_wall_timer(
[3.642s]       |         [01;31m[K^~~~~~[m[K
[3.642s]       |         [32m[Ktimer[m[K
[3.645s] [01m[K/home/user/ros2_ws/src/executors_exercises_pkg/src/box_bot_manager.cpp:24:41:[m[K [01;31m[Kerror: [m[Kno matching function for call to '[01m[KBotNode::create_wall_timer(float&, std::_Bind_helper<false, void (BotNode::*)(), BotNode*>::type)[m[K'
[3.645s]    24 |        timer1 = [01;31m[Kthis->create_wall_timer([m[K
[3.645s]       |                 [01;31m[K~~~~~~~~~~~~~~~~~~~~~~~^[m[K
[3.645s] 
[3.645s]    25 | [01;31m[K       this->wait_time, std::bind(&BotNode::timer1_callback, this))[m[K;
[3.645s]       |        [01;31m[K~~~~~~~~~~~~~~~~~~~~~~~~~~~~~~~~~~~~~~~~~~~~~~~~~~~~~~~~~~~~[m[K
[3.645s] 
[3.645s] In file included from [01m[K/home/user/ros2_ws/src/executors_exercises_pkg/src/box_bot_manager.cpp:2[m[K:
[3.646s] [01m[K/opt/ros/humble/include/rclcpp/rclcpp/node.hpp:238:3:[m[K [01;36m[Knote: [m[Kcandidate: '[01m[Ktemplate<class DurationRepT, class DurationT, class CallbackT> typename rclcpp::WallTimer<CallbackT>::SharedPtr rclcpp::Node::create_wall_timer(std::chrono::duration<_Rep1, _Period1>, CallbackT, rclcpp::CallbackGroup::SharedPtr)[m[K'
[3.646s]   238 |   [01;36m[Kcreate_wall_timer[m[K(
[3.646s]       |   [01;36m[K^~~~~~~~~~~~~~~~~[m[K
[3.646s] [01m[K/opt/ros/humble/include/rclcpp/rclcpp/node.hpp:238:3:[m[K [01;36m[Knote: [m[K  template argument deduction/substitution failed:
[3.646s] [01m[K/home/user/ros2_ws/src/executors_exercises_pkg/src/box_bot_manager.cpp:24:41:[m[K [01;36m[Knote: [m[K  mismatched types '[01m[Kstd::chrono::duration<_Rep1, _Period1>[m[K' and '[01m[Kfloat[m[K'
[3.646s]    24 |        timer1 = [01;36m[Kthis->create_wall_timer([m[K
[3.646s]       |                 [01;36m[K~~~~~~~~~~~~~~~~~~~~~~~^[m[K
[3.646s] 
[3.647s]    25 | [01;36m[K       this->wait_time, std::bind(&BotNode::timer1_callback, this))[m[K;
[3.647s]       |        [01;36m[K~~~~~~~~~~~~~~~~~~~~~~~~~~~~~~~~~~~~~~~~~~~~~~~~~~~~~~~~~~~~[m[K
[3.647s] 
[3.650s] [01m[K/home/user/ros2_ws/src/executors_exercises_pkg/src/box_bot_manager.cpp:[m[K In member function '[01m[Kvoid BotNode::bot1_callback(nav_msgs::msg::Odometry_<std::allocator<void> >::SharedPtr)[m[K':
[3.650s] [01m[K/home/user/ros2_ws/src/executors_exercises_pkg/src/box_bot_manager.cpp:30:65:[m[K [01;35m[Kwarning: [m[Kunused parameter '[01m[Kmsg[m[K' [[01;35m[K]8;;https://gcc.gnu.org/onlinedocs/gcc/Warning-Options.html#index-Wunused-parameter-Wunused-parameter]8;;[m[K]
[3.650s]    30 | [01;35m[Knav_msgs::msg::Odometry::SharedPtr msg[m[K){
[3.650s]       | [01;35m[K~~~~~~~~~~~~~~~~~~~~~~~~~~~~~~~~~~~^~~[m[K
[3.650s] 
[6.920s] gmake[2]: *** [CMakeFiles/bot_node.dir/build.make:76: CMakeFiles/bot_node.dir/src/box_bot_manager.cpp.o] Error 1
[6.920s] gmake[1]: *** [CMakeFiles/Makefile2:389: CMakeFiles/bot_node.dir/all] Error 2
[6.920s] gmake: *** [Makefile:146: all] Error 2
[6.922s] Invoked command in '/home/user/ros2_ws/src/build/executors_exercises_pkg' returned '2': CMAKE_PREFIX_PATH=${CMAKE_PREFIX_PATH}:/opt/ros/humble _=/usr/bin/env /usr/bin/cmake --build /home/user/ros2_ws/src/build/executors_exercises_pkg -- -j8 -l8
