[01m[K/home/user/ros2_ws/src/executors_exercises_pkg/src/box_bot_manager.cpp:29:30:[m[K [01;31m[Kerror: [m[K'[01m[Knav_msgs[m[K' does not name a type
   29 |     void bot1_callback(const [01;31m[Knav_msgs[m[K::msg::Odometry::SharedPtr msg){
      |                              [01;31m[K^~~~~~~~[m[K
[01m[K/home/user/ros2_ws/src/executors_exercises_pkg/src/box_bot_manager.cpp:29:43:[m[K [01;31m[Kerror: [m[Kexpected unqualified-id before '[01m[K::[m[K' token
   29 |     void bot1_callback(const nav_msgs::msg[01;31m[K::[m[KOdometry::SharedPtr msg){
      |                                           [01;31m[K^~[m[K
[01m[K/home/user/ros2_ws/src/executors_exercises_pkg/src/box_bot_manager.cpp:29:43:[m[K [01;31m[Kerror: [m[Kexpected '[01m[K)[m[K' before '[01m[K::[m[K' token
   29 |     void bot1_callback[34m[K([m[Kconst nav_msgs::msg[01;31m[K:[m[K[32m[K:[m[KOdometry::SharedPtr msg){
      |                       [34m[K~[m[K                   [01;31m[K^[m[K[32m[K~[m[K
      |                                           [32m[K)[m[K
[01m[K/home/user/ros2_ws/src/executors_exercises_pkg/src/box_bot_manager.cpp:29:40:[m[K [01;31m[Kerror: [m[Kexpected '[01m[K;[m[K' at end of member declaration
   29 |     void bot1_callback(const nav_msgs::[01;31m[Kmsg[m[K::Odometry::SharedPtr msg){
      |                                        [01;31m[K^~~[m[K
      |                                           [32m[K;[m[K
[01m[K/home/user/ros2_ws/src/executors_exercises_pkg/src/box_bot_manager.cpp:29:45:[m[K [01;31m[Kerror: [m[K'[01m[KOdometry[m[K' in namespace '[01m[K::[m[K' does not name a type
   29 |     void bot1_callback(const nav_msgs::msg::[01;31m[KOdometry[m[K::SharedPtr msg){
      |                                             [01;31m[K^~~~~~~~[m[K
[01m[K/home/user/ros2_ws/src/executors_exercises_pkg/src/box_bot_manager.cpp:37:2:[m[K [01;31m[Kerror: [m[Kexpected '[01m[K;[m[K' after class definition
   37 | }
      |  [01;31m[K^[m[K
      |  [32m[K;[m[K
[01m[K/home/user/ros2_ws/src/executors_exercises_pkg/src/box_bot_manager.cpp:[m[K In constructor '[01m[KBotNode::BotNode(float)[m[K':
[01m[K/home/user/ros2_ws/src/executors_exercises_pkg/src/box_bot_manager.cpp:11:9:[m[K [01;31m[Kerror: [m[K'[01m[Kodom1_callback_group_[m[K' was not declared in this scope; did you mean '[01m[Kcreate_callback_group[m[K'?
   11 |         [01;31m[Kodom1_callback_group_[m[K = this->create_callback_group(
      |         [01;31m[K^~~~~~~~~~~~~~~~~~~~~[m[K
      |         [32m[Kcreate_callback_group[m[K
[01m[K/home/user/ros2_ws/src/executors_exercises_pkg/src/box_bot_manager.cpp:18:9:[m[K [01;31m[Kerror: [m[K'[01m[Ksubscription1_[m[K' was not declared in this scope; did you mean '[01m[Krmw_subscriptions_t[m[K'?
   18 |         [01;31m[Ksubscription1_[m[K = this->create_subscription<nav_msgs::msg::Odometry>(
      |         [01;31m[K^~~~~~~~~~~~~~[m[K
      |         [32m[Krmw_subscriptions_t[m[K
[01m[K/home/user/ros2_ws/src/executors_exercises_pkg/src/box_bot_manager.cpp:18:52:[m[K [01;31m[Kerror: [m[K'[01m[Knav_msgs[m[K' was not declared in this scope
   18 |         subscription1_ = this->create_subscription<[01;31m[Knav_msgs[m[K::msg::Odometry>(
      |                                                    [01;31m[K^~~~~~~~[m[K
[01m[K/home/user/ros2_ws/src/executors_exercises_pkg/src/box_bot_manager.cpp:18:32:[m[K [01;31m[Kerror: [m[Kparse error in template argument list
   18 |         subscription1_ = this->[01;31m[Kcreate_subscription<nav_msgs::msg::Odometry>[m[K(
      |                                [01;31m[K^~~~~~~~~~~~~~~~~~~~~~~~~~~~~~~~~~~~~~~~~~~~[m[K
[01m[K/home/user/ros2_ws/src/executors_exercises_pkg/src/box_bot_manager.cpp:18:76:[m[K [01;31m[Kerror: [m[Kno matching function for call to '[01m[KBotNode::create_subscription<<expression error> >(const char [16], int, std::_Bind_helper<false, void (BotNode::*)(...), BotNode*, const std::_Placeholder<1>&>::type, rclcpp::SubscriptionOptions&)[m[K'
   18 |         subscription1_ = [01;31m[Kthis->create_subscription<nav_msgs::msg::Odometry>([m[K
      |                          [01;31m[K~~~~~~~~~~~~~~~~~~~~~~~~~~~~~~~~~~~~~~~~~~~~~~~~~~^[m[K
   19 | [01;31m[K            "/box_bot_1/odom", 100,[m[K
      |             [01;31m[K~~~~~~~~~~~~~~~~~~~~~~~[m[K                                         
   20 | [01;31m[K            std::bind(&BotNode::bot1_callback, this, std::placeholders::_1),[m[K
      |             [01;31m[K~~~~~~~~~~~~~~~~~~~~~~~~~~~~~~~~~~~~~~~~~~~~~~~~~~~~~~~~~~~~~~~~[m[K
   21 | [01;31m[K            options1)[m[K;
      |             [01;31m[K~~~~~~~~~[m[K                                                       
In file included from [01m[K/home/user/ros2_ws/src/executors_exercises_pkg/src/box_bot_manager.cpp:2[m[K:
[01m[K/opt/ros/humble/include/rclcpp/rclcpp/node.hpp:219:3:[m[K [01;36m[Knote: [m[Kcandidate: '[01m[Ktemplate<class MessageT, class CallbackT, class AllocatorT, class SubscriptionT, class MessageMemoryStrategyT> std::shared_ptr<ROSMessageT> rclcpp::Node::create_subscription(const string&, const rclcpp::QoS&, CallbackT&&, const rclcpp::SubscriptionOptionsWithAllocator<AllocatorT>&, typename MessageMemoryStrategyT::SharedPtr)[m[K'
  219 |   [01;36m[Kcreate_subscription[m[K(
      |   [01;36m[K^~~~~~~~~~~~~~~~~~~[m[K
[01m[K/opt/ros/humble/include/rclcpp/rclcpp/node.hpp:219:3:[m[K [01;36m[Knote: [m[K  template argument deduction/substitution failed:
[01m[K/home/user/ros2_ws/src/executors_exercises_pkg/src/box_bot_manager.cpp:18:76:[m[K [01;31m[Kerror: [m[Ktemplate argument 1 is invalid
   18 |         subscription1_ = [01;31m[Kthis->create_subscription<nav_msgs::msg::Odometry>([m[K
      |                          [01;31m[K~~~~~~~~~~~~~~~~~~~~~~~~~~~~~~~~~~~~~~~~~~~~~~~~~~^[m[K
   19 | [01;31m[K            "/box_bot_1/odom", 100,[m[K
      |             [01;31m[K~~~~~~~~~~~~~~~~~~~~~~~[m[K                                         
   20 | [01;31m[K            std::bind(&BotNode::bot1_callback, this, std::placeholders::_1),[m[K
      |             [01;31m[K~~~~~~~~~~~~~~~~~~~~~~~~~~~~~~~~~~~~~~~~~~~~~~~~~~~~~~~~~~~~~~~~[m[K
   21 | [01;31m[K            options1)[m[K;
      |             [01;31m[K~~~~~~~~~[m[K                                                       
[01m[K/home/user/ros2_ws/src/executors_exercises_pkg/src/box_bot_manager.cpp:23:9:[m[K [01;31m[Kerror: [m[K'[01m[Ktimer1[m[K' was not declared in this scope; did you mean '[01m[Ktimer[m[K'?
   23 |         [01;31m[Ktimer1[m[K = this->create_wall_timer(
      |         [01;31m[K^~~~~~[m[K
      |         [32m[Ktimer[m[K
[01m[K/home/user/ros2_ws/src/executors_exercises_pkg/src/box_bot_manager.cpp:23:41:[m[K [01;31m[Kerror: [m[Kno matching function for call to '[01m[KBotNode::create_wall_timer(float&, std::_Bind_helper<false, void (BotNode::*)(...), BotNode*>::type)[m[K'
   23 |         timer1 = [01;31m[Kthis->create_wall_timer([m[K
      |                  [01;31m[K~~~~~~~~~~~~~~~~~~~~~~~^[m[K
   24 | [01;31m[K        this->wait_time, std::bind(&BotNode::bot1_callback, this))[m[K;
      |         [01;31m[K~~~~~~~~~~~~~~~~~~~~~~~~~~~~~~~~~~~~~~~~~~~~~~~~~~~~~~~~~~[m[K
In file included from [01m[K/home/user/ros2_ws/src/executors_exercises_pkg/src/box_bot_manager.cpp:2[m[K:
[01m[K/opt/ros/humble/include/rclcpp/rclcpp/node.hpp:238:3:[m[K [01;36m[Knote: [m[Kcandidate: '[01m[Ktemplate<class DurationRepT, class DurationT, class CallbackT> typename rclcpp::WallTimer<CallbackT>::SharedPtr rclcpp::Node::create_wall_timer(std::chrono::duration<_Rep1, _Period1>, CallbackT, rclcpp::CallbackGroup::SharedPtr)[m[K'
  238 |   [01;36m[Kcreate_wall_timer[m[K(
      |   [01;36m[K^~~~~~~~~~~~~~~~~[m[K
[01m[K/opt/ros/humble/include/rclcpp/rclcpp/node.hpp:238:3:[m[K [01;36m[Knote: [m[K  template argument deduction/substitution failed:
[01m[K/home/user/ros2_ws/src/executors_exercises_pkg/src/box_bot_manager.cpp:23:41:[m[K [01;36m[Knote: [m[K  mismatched types '[01m[Kstd::chrono::duration<_Rep1, _Period1>[m[K' and '[01m[Kfloat[m[K'
   23 |         timer1 = [01;36m[Kthis->create_wall_timer([m[K
      |                  [01;36m[K~~~~~~~~~~~~~~~~~~~~~~~^[m[K
   24 | [01;36m[K        this->wait_time, std::bind(&BotNode::bot1_callback, this))[m[K;
      |         [01;36m[K~~~~~~~~~~~~~~~~~~~~~~~~~~~~~~~~~~~~~~~~~~~~~~~~~~~~~~~~~~[m[K
gmake[2]: *** [CMakeFiles/bot_node.dir/build.make:76: CMakeFiles/bot_node.dir/src/box_bot_manager.cpp.o] Error 1
gmake[1]: *** [CMakeFiles/Makefile2:389: CMakeFiles/bot_node.dir/all] Error 2
gmake[1]: *** Waiting for unfinished jobs....
gmake: *** [Makefile:146: all] Error 2
