-- The C compiler identification is GNU 11.2.0
-- The CXX compiler identification is GNU 11.2.0
-- Detecting C compiler ABI info
-- Detecting C compiler ABI info - done
-- Check for working C compiler: /usr/bin/cc - skipped
-- Detecting C compile features
-- Detecting C compile features - done
-- Detecting CXX compiler ABI info
-- Detecting CXX compiler ABI info - done
-- Check for working CXX compiler: /usr/bin/c++ - skipped
-- Detecting CXX compile features
-- Detecting CXX compile features - done
-- Found ament_cmake: 1.3.2 (/opt/ros/humble/share/ament_cmake/cmake)
-- Found Python3: /usr/bin/python3.10 (found version "3.10.6") found components: Interpreter 
-- Found rclcpp: 16.0.1 (/opt/ros/humble/share/rclcpp/cmake)
-- Found rosidl_generator_c: 3.1.3 (/opt/ros/humble/share/rosidl_generator_c/cmake)
-- Found rosidl_adapter: 3.1.3 (/opt/ros/humble/share/rosidl_adapter/cmake)
-- Found rosidl_generator_cpp: 3.1.3 (/opt/ros/humble/share/rosidl_generator_cpp/cmake)
-- Using all available rosidl_typesupport_c: rosidl_typesupport_fastrtps_c;rosidl_typesupport_introspection_c
-- Using all available rosidl_typesupport_cpp: rosidl_typesupport_fastrtps_cpp;rosidl_typesupport_introspection_cpp
-- Found rmw_implementation_cmake: 6.1.0 (/opt/ros/humble/share/rmw_implementation_cmake/cmake)
-- Found rmw_fastrtps_cpp: 6.2.1 (/opt/ros/humble/share/rmw_fastrtps_cpp/cmake)
-- Found OpenSSL: /usr/lib/x86_64-linux-gnu/libcrypto.so (found version "3.0.2")  
-- Found FastRTPS: /opt/ros/humble/include  
-- Using RMW implementation 'rmw_fastrtps_cpp' as default
-- Found nav_msgs: 4.2.2 (/opt/ros/humble/share/nav_msgs/cmake)
-- Found ament_lint_auto: 0.12.4 (/opt/ros/humble/share/ament_lint_auto/cmake)
-- Added test 'copyright' to check source files copyright and LICENSE
-- Added test 'cppcheck' to perform static code analysis on C / C++ code
-- Configured cppcheck include dirs: 
-- Configured cppcheck exclude dirs and/or files: 
-- Added test 'cpplint' to check C / C++ code against the Google style
-- Configured cpplint exclude dirs and/or files: 
-- Added test 'lint_cmake' to check CMake code style
-- Added test 'uncrustify' to check C / C++ code style
-- Configured uncrustify additional arguments: 
-- Added test 'xmllint' to check XML markup files
-- Configuring done
-- Generating done
-- Build files have been written to: /home/user/ros2_ws/src/build/executors_exercises_pkg
[  5%] [32mBuilding CXX object CMakeFiles/executor_example_4_singlethreaded_node.dir/src/executor_example_4_singlethreaded.cpp.o[0m
[ 10%] [32mBuilding CXX object CMakeFiles/executor_example_2_node.dir/src/executor_example_2.cpp.o[0m
[ 20%] [32mBuilding CXX object CMakeFiles/executor_example_1_node.dir/src/executor_example_1.cpp.o[0m
[ 20%] [32mBuilding CXX object CMakeFiles/executor_example_5_node.dir/src/executor_example_5.cpp.o[0m
[ 30%] [32mBuilding CXX object CMakeFiles/executor_example_3_node.dir/src/executor_example_3.cpp.o[0m
[ 30%] [32mBuilding CXX object CMakeFiles/executor_example_4_node.dir/src/executor_example_4.cpp.o[0m
[ 35%] [32mBuilding CXX object CMakeFiles/executor_example_5_reentrant_node.dir/src/executor_example_5_reentrant.cpp.o[0m
[ 40%] [32mBuilding CXX object CMakeFiles/executor_example_5_mutualyexclusive_node.dir/src/executor_example_5_mutualyexclusive.cpp.o[0m
[ 45%] [32m[1mLinking CXX executable executor_example_1_node[0m
[ 50%] [32m[1mLinking CXX executable executor_example_5_reentrant_node[0m
[ 55%] [32m[1mLinking CXX executable executor_example_5_mutualyexclusive_node[0m
[ 60%] [32m[1mLinking CXX executable executor_example_5_node[0m
[ 60%] Built target executor_example_1_node
[ 65%] [32mBuilding CXX object CMakeFiles/executor_example_5_mutualyexclusive_multiple_node.dir/src/executor_example_5_mutualyexclusive_multiple.cpp.o[0m
[ 65%] Built target executor_example_5_reentrant_node
[ 70%] [32mBuilding CXX object CMakeFiles/bot_node.dir/src/box_bot_manager.cpp.o[0m
[ 70%] Built target executor_example_5_mutualyexclusive_node
[ 70%] Built target executor_example_5_node
[ 75%] [32m[1mLinking CXX executable executor_example_5_mutualyexclusive_multiple_node[0m
[ 75%] Built target executor_example_5_mutualyexclusive_multiple_node
[01m[K/home/user/ros2_ws/src/executors_exercises_pkg/src/box_bot_manager.cpp:29:30:[m[K [01;31m[Kerror: [m[K'[01m[Knav_msgs[m[K' does not name a type
   29 |     void bot1_callback(const [01;31m[Knav_msgs[m[K::msg::Odometry::SharedPtr msg){
      |                              [01;31m[K^~~~~~~~[m[K
[01m[K/home/user/ros2_ws/src/executors_exercises_pkg/src/box_bot_manager.cpp:29:43:[m[K [01;31m[Kerror: [m[Kexpected unqualified-id before '[01m[K::[m[K' token
   29 |     void bot1_callback(const nav_msgs::msg[01;31m[K::[m[KOdometry::SharedPtr msg){
      |                                           [01;31m[K^~[m[K
[01m[K/home/user/ros2_ws/src/executors_exercises_pkg/src/box_bot_manager.cpp:29:43:[m[K [01;31m[Kerror: [m[Kexpected '[01m[K)[m[K' before '[01m[K::[m[K' token
   29 |     void bot1_callback[34m[K([m[Kconst nav_msgs::msg[01;31m[K:[m[K[32m[K:[m[KOdometry::SharedPtr msg){
      |                       [34m[K~[m[K                   [01;31m[K^[m[K[32m[K~[m[K
      |                                           [32m[K)[m[K
[01m[K/home/user/ros2_ws/src/executors_exercises_pkg/src/box_bot_manager.cpp:29:40:[m[K [01;31m[Kerror: [m[Kexpected '[01m[K;[m[K' at end of member declaration
   29 |     void bot1_callback(const nav_msgs::[01;31m[Kmsg[m[K::Odometry::SharedPtr msg){
      |                                        [01;31m[K^~~[m[K
      |                                           [32m[K;[m[K
[01m[K/home/user/ros2_ws/src/executors_exercises_pkg/src/box_bot_manager.cpp:29:45:[m[K [01;31m[Kerror: [m[K'[01m[KOdometry[m[K' in namespace '[01m[K::[m[K' does not name a type
   29 |     void bot1_callback(const nav_msgs::msg::[01;31m[KOdometry[m[K::SharedPtr msg){
      |                                             [01;31m[K^~~~~~~~[m[K
[01m[K/home/user/ros2_ws/src/executors_exercises_pkg/src/box_bot_manager.cpp:37:2:[m[K [01;31m[Kerror: [m[Kexpected '[01m[K;[m[K' after class definition
   37 | }
      |  [01;31m[K^[m[K
      |  [32m[K;[m[K
[01m[K/home/user/ros2_ws/src/executors_exercises_pkg/src/box_bot_manager.cpp:[m[K In constructor '[01m[KBotNode::BotNode(float)[m[K':
[01m[K/home/user/ros2_ws/src/executors_exercises_pkg/src/box_bot_manager.cpp:11:9:[m[K [01;31m[Kerror: [m[K'[01m[Kodom1_callback_group_[m[K' was not declared in this scope; did you mean '[01m[Kcreate_callback_group[m[K'?
   11 |         [01;31m[Kodom1_callback_group_[m[K = this->create_callback_group(
      |         [01;31m[K^~~~~~~~~~~~~~~~~~~~~[m[K
      |         [32m[Kcreate_callback_group[m[K
[01m[K/home/user/ros2_ws/src/executors_exercises_pkg/src/box_bot_manager.cpp:18:9:[m[K [01;31m[Kerror: [m[K'[01m[Ksubscription1_[m[K' was not declared in this scope; did you mean '[01m[Krmw_subscriptions_t[m[K'?
   18 |         [01;31m[Ksubscription1_[m[K = this->create_subscription<nav_msgs::msg::Odometry>(
      |         [01;31m[K^~~~~~~~~~~~~~[m[K
      |         [32m[Krmw_subscriptions_t[m[K
[01m[K/home/user/ros2_ws/src/executors_exercises_pkg/src/box_bot_manager.cpp:18:52:[m[K [01;31m[Kerror: [m[K'[01m[Knav_msgs[m[K' was not declared in this scope
   18 |         subscription1_ = this->create_subscription<[01;31m[Knav_msgs[m[K::msg::Odometry>(
      |                                                    [01;31m[K^~~~~~~~[m[K
[01m[K/home/user/ros2_ws/src/executors_exercises_pkg/src/box_bot_manager.cpp:18:32:[m[K [01;31m[Kerror: [m[Kparse error in template argument list
   18 |         subscription1_ = this->[01;31m[Kcreate_subscription<nav_msgs::msg::Odometry>[m[K(
      |                                [01;31m[K^~~~~~~~~~~~~~~~~~~~~~~~~~~~~~~~~~~~~~~~~~~~[m[K
[01m[K/home/user/ros2_ws/src/executors_exercises_pkg/src/box_bot_manager.cpp:18:76:[m[K [01;31m[Kerror: [m[Kno matching function for call to '[01m[KBotNode::create_subscription<<expression error> >(const char [16], int, std::_Bind_helper<false, void (BotNode::*)(...), BotNode*, const std::_Placeholder<1>&>::type, rclcpp::SubscriptionOptions&)[m[K'
   18 |         subscription1_ = [01;31m[Kthis->create_subscription<nav_msgs::msg::Odometry>([m[K
      |                          [01;31m[K~~~~~~~~~~~~~~~~~~~~~~~~~~~~~~~~~~~~~~~~~~~~~~~~~~^[m[K
   19 | [01;31m[K            "/box_bot_1/odom", 100,[m[K
      |             [01;31m[K~~~~~~~~~~~~~~~~~~~~~~~[m[K                                         
   20 | [01;31m[K            std::bind(&BotNode::bot1_callback, this, std::placeholders::_1),[m[K
      |             [01;31m[K~~~~~~~~~~~~~~~~~~~~~~~~~~~~~~~~~~~~~~~~~~~~~~~~~~~~~~~~~~~~~~~~[m[K
   21 | [01;31m[K            options1)[m[K;
      |             [01;31m[K~~~~~~~~~[m[K                                                       
In file included from [01m[K/home/user/ros2_ws/src/executors_exercises_pkg/src/box_bot_manager.cpp:2[m[K:
[01m[K/opt/ros/humble/include/rclcpp/rclcpp/node.hpp:219:3:[m[K [01;36m[Knote: [m[Kcandidate: '[01m[Ktemplate<class MessageT, class CallbackT, class AllocatorT, class SubscriptionT, class MessageMemoryStrategyT> std::shared_ptr<ROSMessageT> rclcpp::Node::create_subscription(const string&, const rclcpp::QoS&, CallbackT&&, const rclcpp::SubscriptionOptionsWithAllocator<AllocatorT>&, typename MessageMemoryStrategyT::SharedPtr)[m[K'
  219 |   [01;36m[Kcreate_subscription[m[K(
      |   [01;36m[K^~~~~~~~~~~~~~~~~~~[m[K
[01m[K/opt/ros/humble/include/rclcpp/rclcpp/node.hpp:219:3:[m[K [01;36m[Knote: [m[K  template argument deduction/substitution failed:
[01m[K/home/user/ros2_ws/src/executors_exercises_pkg/src/box_bot_manager.cpp:18:76:[m[K [01;31m[Kerror: [m[Ktemplate argument 1 is invalid
   18 |         subscription1_ = [01;31m[Kthis->create_subscription<nav_msgs::msg::Odometry>([m[K
      |                          [01;31m[K~~~~~~~~~~~~~~~~~~~~~~~~~~~~~~~~~~~~~~~~~~~~~~~~~~^[m[K
   19 | [01;31m[K            "/box_bot_1/odom", 100,[m[K
      |             [01;31m[K~~~~~~~~~~~~~~~~~~~~~~~[m[K                                         
   20 | [01;31m[K            std::bind(&BotNode::bot1_callback, this, std::placeholders::_1),[m[K
      |             [01;31m[K~~~~~~~~~~~~~~~~~~~~~~~~~~~~~~~~~~~~~~~~~~~~~~~~~~~~~~~~~~~~~~~~[m[K
   21 | [01;31m[K            options1)[m[K;
      |             [01;31m[K~~~~~~~~~[m[K                                                       
[01m[K/home/user/ros2_ws/src/executors_exercises_pkg/src/box_bot_manager.cpp:23:9:[m[K [01;31m[Kerror: [m[K'[01m[Ktimer1[m[K' was not declared in this scope; did you mean '[01m[Ktimer[m[K'?
   23 |         [01;31m[Ktimer1[m[K = this->create_wall_timer(
      |         [01;31m[K^~~~~~[m[K
      |         [32m[Ktimer[m[K
[01m[K/home/user/ros2_ws/src/executors_exercises_pkg/src/box_bot_manager.cpp:23:41:[m[K [01;31m[Kerror: [m[Kno matching function for call to '[01m[KBotNode::create_wall_timer(float&, std::_Bind_helper<false, void (BotNode::*)(...), BotNode*>::type)[m[K'
   23 |         timer1 = [01;31m[Kthis->create_wall_timer([m[K
      |                  [01;31m[K~~~~~~~~~~~~~~~~~~~~~~~^[m[K
   24 | [01;31m[K        this->wait_time, std::bind(&BotNode::bot1_callback, this))[m[K;
      |         [01;31m[K~~~~~~~~~~~~~~~~~~~~~~~~~~~~~~~~~~~~~~~~~~~~~~~~~~~~~~~~~~[m[K
In file included from [01m[K/home/user/ros2_ws/src/executors_exercises_pkg/src/box_bot_manager.cpp:2[m[K:
[01m[K/opt/ros/humble/include/rclcpp/rclcpp/node.hpp:238:3:[m[K [01;36m[Knote: [m[Kcandidate: '[01m[Ktemplate<class DurationRepT, class DurationT, class CallbackT> typename rclcpp::WallTimer<CallbackT>::SharedPtr rclcpp::Node::create_wall_timer(std::chrono::duration<_Rep1, _Period1>, CallbackT, rclcpp::CallbackGroup::SharedPtr)[m[K'
  238 |   [01;36m[Kcreate_wall_timer[m[K(
      |   [01;36m[K^~~~~~~~~~~~~~~~~[m[K
[01m[K/opt/ros/humble/include/rclcpp/rclcpp/node.hpp:238:3:[m[K [01;36m[Knote: [m[K  template argument deduction/substitution failed:
[01m[K/home/user/ros2_ws/src/executors_exercises_pkg/src/box_bot_manager.cpp:23:41:[m[K [01;36m[Knote: [m[K  mismatched types '[01m[Kstd::chrono::duration<_Rep1, _Period1>[m[K' and '[01m[Kfloat[m[K'
   23 |         timer1 = [01;36m[Kthis->create_wall_timer([m[K
      |                  [01;36m[K~~~~~~~~~~~~~~~~~~~~~~~^[m[K
   24 | [01;36m[K        this->wait_time, std::bind(&BotNode::bot1_callback, this))[m[K;
      |         [01;36m[K~~~~~~~~~~~~~~~~~~~~~~~~~~~~~~~~~~~~~~~~~~~~~~~~~~~~~~~~~~[m[K
gmake[2]: *** [CMakeFiles/bot_node.dir/build.make:76: CMakeFiles/bot_node.dir/src/box_bot_manager.cpp.o] Error 1
gmake[1]: *** [CMakeFiles/Makefile2:389: CMakeFiles/bot_node.dir/all] Error 2
gmake[1]: *** Waiting for unfinished jobs....
[ 80%] [32m[1mLinking CXX executable executor_example_4_node[0m
[ 80%] Built target executor_example_4_node
[ 85%] [32m[1mLinking CXX executable executor_example_2_node[0m
[ 90%] [32m[1mLinking CXX executable executor_example_4_singlethreaded_node[0m
[ 95%] [32m[1mLinking CXX executable executor_example_3_node[0m
[ 95%] Built target executor_example_2_node
[ 95%] Built target executor_example_4_singlethreaded_node
[ 95%] Built target executor_example_3_node
gmake: *** [Makefile:146: all] Error 2
