[0.029s] Invoking command in '/home/user/ros2_ws/src/build/executors_exercises_pkg': CMAKE_PREFIX_PATH=${CMAKE_PREFIX_PATH}:/opt/ros/humble _=/usr/bin/env /usr/bin/cmake /home/user/ros2_ws/src/executors_exercises_pkg -DCMAKE_INSTALL_PREFIX=/home/user/ros2_ws/src/install/executors_exercises_pkg
[0.336s] -- The C compiler identification is GNU 11.2.0
[0.498s] -- The CXX compiler identification is GNU 11.2.0
[0.513s] -- Detecting C compiler ABI info
[0.589s] -- Detecting C compiler ABI info - done
[0.596s] -- Check for working C compiler: /usr/bin/cc - skipped
[0.597s] -- Detecting C compile features
[0.598s] -- Detecting C compile features - done
[0.602s] -- Detecting CXX compiler ABI info
[0.679s] -- Detecting CXX compiler ABI info - done
[0.687s] -- Check for working CXX compiler: /usr/bin/c++ - skipped
[0.687s] -- Detecting CXX compile features
[0.688s] -- Detecting CXX compile features - done
[0.694s] -- Found ament_cmake: 1.3.2 (/opt/ros/humble/share/ament_cmake/cmake)
[0.863s] -- Found Python3: /usr/bin/python3.10 (found version "3.10.6") found components: Interpreter 
[1.014s] -- Found rclcpp: 16.0.1 (/opt/ros/humble/share/rclcpp/cmake)
[1.138s] -- Found rosidl_generator_c: 3.1.3 (/opt/ros/humble/share/rosidl_generator_c/cmake)
[1.150s] -- Found rosidl_adapter: 3.1.3 (/opt/ros/humble/share/rosidl_adapter/cmake)
[1.173s] -- Found rosidl_generator_cpp: 3.1.3 (/opt/ros/humble/share/rosidl_generator_cpp/cmake)
[1.205s] -- Using all available rosidl_typesupport_c: rosidl_typesupport_fastrtps_c;rosidl_typesupport_introspection_c
[1.246s] -- Using all available rosidl_typesupport_cpp: rosidl_typesupport_fastrtps_cpp;rosidl_typesupport_introspection_cpp
[1.368s] -- Found rmw_implementation_cmake: 6.1.0 (/opt/ros/humble/share/rmw_implementation_cmake/cmake)
[1.376s] -- Found rmw_fastrtps_cpp: 6.2.1 (/opt/ros/humble/share/rmw_fastrtps_cpp/cmake)
[1.530s] -- Found OpenSSL: /usr/lib/x86_64-linux-gnu/libcrypto.so (found version "3.0.2")  
[1.568s] -- Found FastRTPS: /opt/ros/humble/include  
[1.630s] -- Using RMW implementation 'rmw_fastrtps_cpp' as default
[1.862s] -- Found nav_msgs: 4.2.2 (/opt/ros/humble/share/nav_msgs/cmake)
[2.029s] -- Found ament_lint_auto: 0.12.4 (/opt/ros/humble/share/ament_lint_auto/cmake)
[2.155s] -- Added test 'copyright' to check source files copyright and LICENSE
[2.157s] -- Added test 'cppcheck' to perform static code analysis on C / C++ code
[2.160s] -- Configured cppcheck include dirs: 
[2.160s] -- Configured cppcheck exclude dirs and/or files: 
[2.162s] -- Added test 'cpplint' to check C / C++ code against the Google style
[2.162s] -- Configured cpplint exclude dirs and/or files: 
[2.164s] -- Added test 'lint_cmake' to check CMake code style
[2.167s] -- Added test 'uncrustify' to check C / C++ code style
[2.167s] -- Configured uncrustify additional arguments: 
[2.168s] -- Added test 'xmllint' to check XML markup files
[2.171s] -- Configuring done
[2.207s] -- Generating done
[2.209s] -- Build files have been written to: /home/user/ros2_ws/src/build/executors_exercises_pkg
[2.219s] Invoked command in '/home/user/ros2_ws/src/build/executors_exercises_pkg' returned '0': CMAKE_PREFIX_PATH=${CMAKE_PREFIX_PATH}:/opt/ros/humble _=/usr/bin/env /usr/bin/cmake /home/user/ros2_ws/src/executors_exercises_pkg -DCMAKE_INSTALL_PREFIX=/home/user/ros2_ws/src/install/executors_exercises_pkg
[2.221s] Invoking command in '/home/user/ros2_ws/src/build/executors_exercises_pkg': CMAKE_PREFIX_PATH=${CMAKE_PREFIX_PATH}:/opt/ros/humble _=/usr/bin/env /usr/bin/cmake --build /home/user/ros2_ws/src/build/executors_exercises_pkg -- -j8 -l8
[2.274s] [  5%] [32mBuilding CXX object CMakeFiles/executor_example_4_singlethreaded_node.dir/src/executor_example_4_singlethreaded.cpp.o[0m
[2.274s] [ 10%] [32mBuilding CXX object CMakeFiles/executor_example_2_node.dir/src/executor_example_2.cpp.o[0m
[2.274s] [ 20%] [32mBuilding CXX object CMakeFiles/executor_example_1_node.dir/src/executor_example_1.cpp.o[0m
[2.274s] [ 20%] [32mBuilding CXX object CMakeFiles/executor_example_5_node.dir/src/executor_example_5.cpp.o[0m
[2.275s] [ 30%] [32mBuilding CXX object CMakeFiles/executor_example_3_node.dir/src/executor_example_3.cpp.o[0m
[2.275s] [ 30%] [32mBuilding CXX object CMakeFiles/executor_example_4_node.dir/src/executor_example_4.cpp.o[0m
[2.275s] [ 35%] [32mBuilding CXX object CMakeFiles/executor_example_5_reentrant_node.dir/src/executor_example_5_reentrant.cpp.o[0m
[2.276s] [ 40%] [32mBuilding CXX object CMakeFiles/executor_example_5_mutualyexclusive_node.dir/src/executor_example_5_mutualyexclusive.cpp.o[0m
[7.290s] [ 45%] [32m[1mLinking CXX executable executor_example_1_node[0m
[7.410s] [ 50%] [32m[1mLinking CXX executable executor_example_5_reentrant_node[0m
[7.432s] [ 55%] [32m[1mLinking CXX executable executor_example_5_mutualyexclusive_node[0m
[7.489s] [ 60%] [32m[1mLinking CXX executable executor_example_5_node[0m
[7.531s] [ 60%] Built target executor_example_1_node
[7.568s] [ 65%] [32mBuilding CXX object CMakeFiles/executor_example_5_mutualyexclusive_multiple_node.dir/src/executor_example_5_mutualyexclusive_multiple.cpp.o[0m
[7.569s] [ 65%] Built target executor_example_5_reentrant_node
[7.597s] [ 70%] [32mBuilding CXX object CMakeFiles/bot_node.dir/src/box_bot_manager.cpp.o[0m
[7.600s] [ 70%] Built target executor_example_5_mutualyexclusive_node
[7.645s] [ 70%] Built target executor_example_5_node
[10.723s] [ 75%] [32m[1mLinking CXX executable executor_example_5_mutualyexclusive_multiple_node[0m
[10.872s] [ 75%] Built target executor_example_5_mutualyexclusive_multiple_node
[10.914s] [01m[K/home/user/ros2_ws/src/executors_exercises_pkg/src/box_bot_manager.cpp:29:30:[m[K [01;31m[Kerror: [m[K'[01m[Knav_msgs[m[K' does not name a type
[10.914s]    29 |     void bot1_callback(const [01;31m[Knav_msgs[m[K::msg::Odometry::SharedPtr msg){
[10.914s]       |                              [01;31m[K^~~~~~~~[m[K
[10.914s] [01m[K/home/user/ros2_ws/src/executors_exercises_pkg/src/box_bot_manager.cpp:29:43:[m[K [01;31m[Kerror: [m[Kexpected unqualified-id before '[01m[K::[m[K' token
[10.914s]    29 |     void bot1_callback(const nav_msgs::msg[01;31m[K::[m[KOdometry::SharedPtr msg){
[10.915s]       |                                           [01;31m[K^~[m[K
[10.915s] [01m[K/home/user/ros2_ws/src/executors_exercises_pkg/src/box_bot_manager.cpp:29:43:[m[K [01;31m[Kerror: [m[Kexpected '[01m[K)[m[K' before '[01m[K::[m[K' token
[10.915s]    29 |     void bot1_callback[34m[K([m[Kconst nav_msgs::msg[01;31m[K:[m[K[32m[K:[m[KOdometry::SharedPtr msg){
[10.915s]       |                       [34m[K~[m[K                   [01;31m[K^[m[K[32m[K~[m[K
[10.915s]       |                                           [32m[K)[m[K
[10.915s] [01m[K/home/user/ros2_ws/src/executors_exercises_pkg/src/box_bot_manager.cpp:29:40:[m[K [01;31m[Kerror: [m[Kexpected '[01m[K;[m[K' at end of member declaration
[10.915s]    29 |     void bot1_callback(const nav_msgs::[01;31m[Kmsg[m[K::Odometry::SharedPtr msg){
[10.915s]       |                                        [01;31m[K^~~[m[K
[10.915s]       |                                           [32m[K;[m[K
[10.918s] [01m[K/home/user/ros2_ws/src/executors_exercises_pkg/src/box_bot_manager.cpp:29:45:[m[K [01;31m[Kerror: [m[K'[01m[KOdometry[m[K' in namespace '[01m[K::[m[K' does not name a type
[10.918s]    29 |     void bot1_callback(const nav_msgs::msg::[01;31m[KOdometry[m[K::SharedPtr msg){
[10.918s]       |                                             [01;31m[K^~~~~~~~[m[K
[10.919s] [01m[K/home/user/ros2_ws/src/executors_exercises_pkg/src/box_bot_manager.cpp:37:2:[m[K [01;31m[Kerror: [m[Kexpected '[01m[K;[m[K' after class definition
[10.919s]    37 | }
[10.919s]       |  [01;31m[K^[m[K
[10.919s]       |  [32m[K;[m[K
[10.937s] [01m[K/home/user/ros2_ws/src/executors_exercises_pkg/src/box_bot_manager.cpp:[m[K In constructor '[01m[KBotNode::BotNode(float)[m[K':
[10.937s] [01m[K/home/user/ros2_ws/src/executors_exercises_pkg/src/box_bot_manager.cpp:11:9:[m[K [01;31m[Kerror: [m[K'[01m[Kodom1_callback_group_[m[K' was not declared in this scope; did you mean '[01m[Kcreate_callback_group[m[K'?
[10.937s]    11 |         [01;31m[Kodom1_callback_group_[m[K = this->create_callback_group(
[10.937s]       |         [01;31m[K^~~~~~~~~~~~~~~~~~~~~[m[K
[10.937s]       |         [32m[Kcreate_callback_group[m[K
[10.945s] [01m[K/home/user/ros2_ws/src/executors_exercises_pkg/src/box_bot_manager.cpp:18:9:[m[K [01;31m[Kerror: [m[K'[01m[Ksubscription1_[m[K' was not declared in this scope; did you mean '[01m[Krmw_subscriptions_t[m[K'?
[10.945s]    18 |         [01;31m[Ksubscription1_[m[K = this->create_subscription<nav_msgs::msg::Odometry>(
[10.945s]       |         [01;31m[K^~~~~~~~~~~~~~[m[K
[10.945s]       |         [32m[Krmw_subscriptions_t[m[K
[10.950s] [01m[K/home/user/ros2_ws/src/executors_exercises_pkg/src/box_bot_manager.cpp:18:52:[m[K [01;31m[Kerror: [m[K'[01m[Knav_msgs[m[K' was not declared in this scope
[10.950s]    18 |         subscription1_ = this->create_subscription<[01;31m[Knav_msgs[m[K::msg::Odometry>(
[10.950s]       |                                                    [01;31m[K^~~~~~~~[m[K
[10.950s] [01m[K/home/user/ros2_ws/src/executors_exercises_pkg/src/box_bot_manager.cpp:18:32:[m[K [01;31m[Kerror: [m[Kparse error in template argument list
[10.950s]    18 |         subscription1_ = this->[01;31m[Kcreate_subscription<nav_msgs::msg::Odometry>[m[K(
[10.951s]       |                                [01;31m[K^~~~~~~~~~~~~~~~~~~~~~~~~~~~~~~~~~~~~~~~~~~~[m[K
[10.956s] [01m[K/home/user/ros2_ws/src/executors_exercises_pkg/src/box_bot_manager.cpp:18:76:[m[K [01;31m[Kerror: [m[Kno matching function for call to '[01m[KBotNode::create_subscription<<expression error> >(const char [16], int, std::_Bind_helper<false, void (BotNode::*)(...), BotNode*, const std::_Placeholder<1>&>::type, rclcpp::SubscriptionOptions&)[m[K'
[10.956s]    18 |         subscription1_ = [01;31m[Kthis->create_subscription<nav_msgs::msg::Odometry>([m[K
[10.957s]       |                          [01;31m[K~~~~~~~~~~~~~~~~~~~~~~~~~~~~~~~~~~~~~~~~~~~~~~~~~~^[m[K
[10.957s]    19 | [01;31m[K            "/box_bot_1/odom", 100,[m[K
[10.957s]       |             [01;31m[K~~~~~~~~~~~~~~~~~~~~~~~[m[K                                         
[10.958s]    20 | [01;31m[K            std::bind(&BotNode::bot1_callback, this, std::placeholders::_1),[m[K
[10.958s]       |             [01;31m[K~~~~~~~~~~~~~~~~~~~~~~~~~~~~~~~~~~~~~~~~~~~~~~~~~~~~~~~~~~~~~~~~[m[K
[10.958s]    21 | [01;31m[K            options1)[m[K;
[10.958s]       |             [01;31m[K~~~~~~~~~[m[K                                                       
[10.958s] In file included from [01m[K/home/user/ros2_ws/src/executors_exercises_pkg/src/box_bot_manager.cpp:2[m[K:
[10.958s] [01m[K/opt/ros/humble/include/rclcpp/rclcpp/node.hpp:219:3:[m[K [01;36m[Knote: [m[Kcandidate: '[01m[Ktemplate<class MessageT, class CallbackT, class AllocatorT, class SubscriptionT, class MessageMemoryStrategyT> std::shared_ptr<ROSMessageT> rclcpp::Node::create_subscription(const string&, const rclcpp::QoS&, CallbackT&&, const rclcpp::SubscriptionOptionsWithAllocator<AllocatorT>&, typename MessageMemoryStrategyT::SharedPtr)[m[K'
[10.958s]   219 |   [01;36m[Kcreate_subscription[m[K(
[10.958s]       |   [01;36m[K^~~~~~~~~~~~~~~~~~~[m[K
[10.958s] [01m[K/opt/ros/humble/include/rclcpp/rclcpp/node.hpp:219:3:[m[K [01;36m[Knote: [m[K  template argument deduction/substitution failed:
[10.959s] [01m[K/home/user/ros2_ws/src/executors_exercises_pkg/src/box_bot_manager.cpp:18:76:[m[K [01;31m[Kerror: [m[Ktemplate argument 1 is invalid
[10.959s]    18 |         subscription1_ = [01;31m[Kthis->create_subscription<nav_msgs::msg::Odometry>([m[K
[10.959s]       |                          [01;31m[K~~~~~~~~~~~~~~~~~~~~~~~~~~~~~~~~~~~~~~~~~~~~~~~~~~^[m[K
[10.959s]    19 | [01;31m[K            "/box_bot_1/odom", 100,[m[K
[10.959s]       |             [01;31m[K~~~~~~~~~~~~~~~~~~~~~~~[m[K                                         
[10.959s]    20 | [01;31m[K            std::bind(&BotNode::bot1_callback, this, std::placeholders::_1),[m[K
[10.959s]       |             [01;31m[K~~~~~~~~~~~~~~~~~~~~~~~~~~~~~~~~~~~~~~~~~~~~~~~~~~~~~~~~~~~~~~~~[m[K
[10.959s]    21 | [01;31m[K            options1)[m[K;
[10.960s]       |             [01;31m[K~~~~~~~~~[m[K                                                       
[10.960s] [01m[K/home/user/ros2_ws/src/executors_exercises_pkg/src/box_bot_manager.cpp:23:9:[m[K [01;31m[Kerror: [m[K'[01m[Ktimer1[m[K' was not declared in this scope; did you mean '[01m[Ktimer[m[K'?
[10.960s]    23 |         [01;31m[Ktimer1[m[K = this->create_wall_timer(
[10.960s]       |         [01;31m[K^~~~~~[m[K
[10.960s]       |         [32m[Ktimer[m[K
[10.962s] [01m[K/home/user/ros2_ws/src/executors_exercises_pkg/src/box_bot_manager.cpp:23:41:[m[K [01;31m[Kerror: [m[Kno matching function for call to '[01m[KBotNode::create_wall_timer(float&, std::_Bind_helper<false, void (BotNode::*)(...), BotNode*>::type)[m[K'
[10.963s]    23 |         timer1 = [01;31m[Kthis->create_wall_timer([m[K
[10.963s]       |                  [01;31m[K~~~~~~~~~~~~~~~~~~~~~~~^[m[K
[10.963s]    24 | [01;31m[K        this->wait_time, std::bind(&BotNode::bot1_callback, this))[m[K;
[10.963s]       |         [01;31m[K~~~~~~~~~~~~~~~~~~~~~~~~~~~~~~~~~~~~~~~~~~~~~~~~~~~~~~~~~~[m[K
[10.963s] In file included from [01m[K/home/user/ros2_ws/src/executors_exercises_pkg/src/box_bot_manager.cpp:2[m[K:
[10.963s] [01m[K/opt/ros/humble/include/rclcpp/rclcpp/node.hpp:238:3:[m[K [01;36m[Knote: [m[Kcandidate: '[01m[Ktemplate<class DurationRepT, class DurationT, class CallbackT> typename rclcpp::WallTimer<CallbackT>::SharedPtr rclcpp::Node::create_wall_timer(std::chrono::duration<_Rep1, _Period1>, CallbackT, rclcpp::CallbackGroup::SharedPtr)[m[K'
[10.963s]   238 |   [01;36m[Kcreate_wall_timer[m[K(
[10.963s]       |   [01;36m[K^~~~~~~~~~~~~~~~~[m[K
[10.963s] [01m[K/opt/ros/humble/include/rclcpp/rclcpp/node.hpp:238:3:[m[K [01;36m[Knote: [m[K  template argument deduction/substitution failed:
[10.964s] [01m[K/home/user/ros2_ws/src/executors_exercises_pkg/src/box_bot_manager.cpp:23:41:[m[K [01;36m[Knote: [m[K  mismatched types '[01m[Kstd::chrono::duration<_Rep1, _Period1>[m[K' and '[01m[Kfloat[m[K'
[10.964s]    23 |         timer1 = [01;36m[Kthis->create_wall_timer([m[K
[10.964s]       |                  [01;36m[K~~~~~~~~~~~~~~~~~~~~~~~^[m[K
[10.964s]    24 | [01;36m[K        this->wait_time, std::bind(&BotNode::bot1_callback, this))[m[K;
[10.964s]       |         [01;36m[K~~~~~~~~~~~~~~~~~~~~~~~~~~~~~~~~~~~~~~~~~~~~~~~~~~~~~~~~~~[m[K
[11.383s] gmake[2]: *** [CMakeFiles/bot_node.dir/build.make:76: CMakeFiles/bot_node.dir/src/box_bot_manager.cpp.o] Error 1
[11.383s] gmake[1]: *** [CMakeFiles/Makefile2:389: CMakeFiles/bot_node.dir/all] Error 2
[11.383s] gmake[1]: *** Waiting for unfinished jobs....
[13.496s] [ 80%] [32m[1mLinking CXX executable executor_example_4_node[0m
[13.928s] [ 80%] Built target executor_example_4_node
[14.285s] [ 85%] [32m[1mLinking CXX executable executor_example_2_node[0m
[14.439s] [ 90%] [32m[1mLinking CXX executable executor_example_4_singlethreaded_node[0m
[14.557s] [ 95%] [32m[1mLinking CXX executable executor_example_3_node[0m
[14.610s] [ 95%] Built target executor_example_2_node
[14.804s] [ 95%] Built target executor_example_4_singlethreaded_node
[14.951s] [ 95%] Built target executor_example_3_node
[14.952s] gmake: *** [Makefile:146: all] Error 2
[14.954s] Invoked command in '/home/user/ros2_ws/src/build/executors_exercises_pkg' returned '2': CMAKE_PREFIX_PATH=${CMAKE_PREFIX_PATH}:/opt/ros/humble _=/usr/bin/env /usr/bin/cmake --build /home/user/ros2_ws/src/build/executors_exercises_pkg -- -j8 -l8
