[0.020s] Invoking command in '/home/user/ros2_ws/src/build/executors_exercises_pkg': CMAKE_PREFIX_PATH=${CMAKE_PREFIX_PATH}:/opt/ros/humble _=/usr/bin/env /usr/bin/cmake --build /home/user/ros2_ws/src/build/executors_exercises_pkg -- -j8 -l8
[0.132s] [ 10%] Built target executor_example_1_node
[0.133s] [ 20%] Built target executor_example_3_node
[0.138s] [ 30%] Built target executor_example_2_node
[0.158s] [35m[1mConsolidate compiler generated dependencies of target bot_node[0m
[0.176s] [ 40%] Built target executor_example_5_mutualyexclusive_multiple_node
[0.189s] [ 50%] Built target executor_example_5_mutualyexclusive_node
[0.191s] [ 55%] [32mBuilding CXX object CMakeFiles/bot_node.dir/src/box_bot_manager.cpp.o[0m
[0.240s] [ 65%] Built target executor_example_5_node
[0.241s] [ 75%] Built target executor_example_5_reentrant_node
[0.279s] [ 85%] Built target executor_example_4_node
[0.282s] [ 95%] Built target executor_example_4_singlethreaded_node
[3.608s] [01m[K/home/user/ros2_ws/src/executors_exercises_pkg/src/box_bot_manager.cpp:[m[K In constructor '[01m[KBotNode::BotNode(float)[m[K':
[3.609s] [01m[K/home/user/ros2_ws/src/executors_exercises_pkg/src/box_bot_manager.cpp:25:41:[m[K [01;31m[Kerror: [m[Kno matching function for call to '[01m[KBotNode::create_wall_timer(float&, std::_Bind_helper<false, void (BotNode::*)(), BotNode*>::type)[m[K'
[3.609s]    25 |         timer1 = [01;31m[Kthis->create_wall_timer([m[K
[3.609s]       |                  [01;31m[K~~~~~~~~~~~~~~~~~~~~~~~^[m[K
[3.609s]    26 | [01;31m[K        this->wait_time, std::bind(&BotNode::timer1_callback, this))[m[K;
[3.609s]       |         [01;31m[K~~~~~~~~~~~~~~~~~~~~~~~~~~~~~~~~~~~~~~~~~~~~~~~~~~~~~~~~~~~~[m[K
[3.609s] In file included from [01m[K/home/user/ros2_ws/src/executors_exercises_pkg/src/box_bot_manager.cpp:3[m[K:
[3.609s] [01m[K/opt/ros/humble/include/rclcpp/rclcpp/node.hpp:238:3:[m[K [01;36m[Knote: [m[Kcandidate: '[01m[Ktemplate<class DurationRepT, class DurationT, class CallbackT> typename rclcpp::WallTimer<CallbackT>::SharedPtr rclcpp::Node::create_wall_timer(std::chrono::duration<_Rep1, _Period1>, CallbackT, rclcpp::CallbackGroup::SharedPtr)[m[K'
[3.609s]   238 |   [01;36m[Kcreate_wall_timer[m[K(
[3.609s]       |   [01;36m[K^~~~~~~~~~~~~~~~~[m[K
[3.609s] [01m[K/opt/ros/humble/include/rclcpp/rclcpp/node.hpp:238:3:[m[K [01;36m[Knote: [m[K  template argument deduction/substitution failed:
[3.609s] [01m[K/home/user/ros2_ws/src/executors_exercises_pkg/src/box_bot_manager.cpp:25:41:[m[K [01;36m[Knote: [m[K  mismatched types '[01m[Kstd::chrono::duration<_Rep1, _Period1>[m[K' and '[01m[Kfloat[m[K'
[3.609s]    25 |         timer1 = [01;36m[Kthis->create_wall_timer([m[K
[3.609s]       |                  [01;36m[K~~~~~~~~~~~~~~~~~~~~~~~^[m[K
[3.610s]    26 | [01;36m[K        this->wait_time, std::bind(&BotNode::timer1_callback, this))[m[K;
[3.610s]       |         [01;36m[K~~~~~~~~~~~~~~~~~~~~~~~~~~~~~~~~~~~~~~~~~~~~~~~~~~~~~~~~~~~~[m[K
[3.611s] [01m[K/home/user/ros2_ws/src/executors_exercises_pkg/src/box_bot_manager.cpp:[m[K In member function '[01m[Kvoid BotNode::bot1_callback(nav_msgs::msg::Odometry_<std::allocator<void> >::SharedPtr)[m[K':
[3.612s] [01m[K/home/user/ros2_ws/src/executors_exercises_pkg/src/box_bot_manager.cpp:31:65:[m[K [01;35m[Kwarning: [m[Kunused parameter '[01m[Kmsg[m[K' [[01;35m[K]8;;https://gcc.gnu.org/onlinedocs/gcc/Warning-Options.html#index-Wunused-parameter-Wunused-parameter]8;;[m[K]
[3.612s]    31 |     void bot1_callback([01;35m[Kconst nav_msgs::msg::Odometry::SharedPtr msg[m[K){
[3.612s]       |                        [01;35m[K~~~~~~~~~~~~~~~~~~~~~~~~~~~~~~~~~~~~~~~~~^~~[m[K
[7.228s] gmake[2]: *** [CMakeFiles/bot_node.dir/build.make:76: CMakeFiles/bot_node.dir/src/box_bot_manager.cpp.o] Error 1
[7.229s] gmake[1]: *** [CMakeFiles/Makefile2:389: CMakeFiles/bot_node.dir/all] Error 2
[7.230s] gmake: *** [Makefile:146: all] Error 2
[7.230s] Invoked command in '/home/user/ros2_ws/src/build/executors_exercises_pkg' returned '2': CMAKE_PREFIX_PATH=${CMAKE_PREFIX_PATH}:/opt/ros/humble _=/usr/bin/env /usr/bin/cmake --build /home/user/ros2_ws/src/build/executors_exercises_pkg -- -j8 -l8
